<?xml version="1.0" encoding="UTF-8"?>
<testng-results ignored="0" total="2" passed="2" failed="0" skipped="0">
  <reporter-output>
  </reporter-output>
  <suite started-at="2021-10-30T19:19:58 IST" name="Suite" finished-at="2021-10-30T19:20:12 IST" duration-ms="13836">
    <groups>
    </groups>
    <test started-at="2021-10-30T19:19:58 IST" name="ChromeTest" finished-at="2021-10-30T19:20:07 IST" duration-ms="8589">
      <class name="testPackage.VerifyLoginPage">
        <test-method is-config="true" signature="crossBrowser(java.lang.String)[pri:0, instance:testPackage.VerifyLoginPage@3bf9ce3e]" started-at="2021-10-30T19:19:58 IST" name="crossBrowser" finished-at="2021-10-30T19:20:01 IST" duration-ms="3209" status="PASS">
          <params>
            <param index="0">
              <value>
                <![CDATA[chrome]]>
              </value>
            </param>
          </params>
          <reporter-output>
          </reporter-output>
        </test-method> <!-- crossBrowser -->
        <test-method is-config="true" signature="beforeClass()[pri:0, instance:testPackage.VerifyLoginPage@3bf9ce3e]" started-at="2021-10-30T19:20:01 IST" name="beforeClass" finished-at="2021-10-30T19:20:02 IST" duration-ms="42" status="PASS">
          <reporter-output>
          </reporter-output>
        </test-method> <!-- beforeClass -->
        <test-method is-config="true" signature="beforeMethod()[pri:0, instance:testPackage.VerifyLoginPage@3bf9ce3e]" started-at="2021-10-30T19:20:02 IST" name="beforeMethod" finished-at="2021-10-30T19:20:03 IST" duration-ms="1933" status="PASS">
          <reporter-output>
          </reporter-output>
        </test-method> <!-- beforeMethod -->
        <test-method signature="toVerifyLoginPage()[pri:0, instance:testPackage.VerifyLoginPage@3bf9ce3e]" started-at="2021-10-30T19:20:03 IST" name="toVerifyLoginPage" finished-at="2021-10-30T19:20:06 IST" duration-ms="2360" status="PASS">
          <reporter-output>
          </reporter-output>
        </test-method> <!-- toVerifyLoginPage -->
        <test-method is-config="true" signature="afterMethod()[pri:0, instance:testPackage.VerifyLoginPage@3bf9ce3e]" started-at="2021-10-30T19:20:06 IST" name="afterMethod" finished-at="2021-10-30T19:20:06 IST" duration-ms="0" status="PASS">
          <reporter-output>
          </reporter-output>
        </test-method> <!-- afterMethod -->
        <test-method is-config="true" signature="afterClass()[pri:0, instance:testPackage.VerifyLoginPage@3bf9ce3e]" started-at="2021-10-30T19:20:06 IST" name="afterClass" finished-at="2021-10-30T19:20:07 IST" duration-ms="994" status="PASS">
          <reporter-output>
          </reporter-output>
        </test-method> <!-- afterClass -->
      </class> <!-- testPackage.VerifyLoginPage -->
    </test> <!-- ChromeTest -->
    <test started-at="2021-10-30T19:19:58 IST" name="FirefoxTest" finished-at="2021-10-30T19:20:12 IST" duration-ms="13834">
      <class name="testPackage.VerifyLoginPage">
        <test-method is-config="true" signature="crossBrowser(java.lang.String)[pri:0, instance:testPackage.VerifyLoginPage@2c35e847]" started-at="2021-10-30T19:19:58 IST" name="crossBrowser" finished-at="2021-10-30T19:20:07 IST" duration-ms="8703" status="PASS">
          <params>
            <param index="0">
              <value>
                <![CDATA[firefox]]>
              </value>
            </param>
          </params>
          <reporter-output>
          </reporter-output>
        </test-method> <!-- crossBrowser -->
        <test-method is-config="true" signature="beforeClass()[pri:0, instance:testPackage.VerifyLoginPage@2c35e847]" started-at="2021-10-30T19:20:07 IST" name="beforeClass" finished-at="2021-10-30T19:20:07 IST" duration-ms="0" status="PASS">
          <reporter-output>
          </reporter-output>
        </test-method> <!-- beforeClass -->
        <test-method is-config="true" signature="beforeMethod()[pri:0, instance:testPackage.VerifyLoginPage@2c35e847]" started-at="2021-10-30T19:20:07 IST" name="beforeMethod" finished-at="2021-10-30T19:20:10 IST" duration-ms="3157" status="PASS">
          <reporter-output>
          </reporter-output>
        </test-method> <!-- beforeMethod -->
        <test-method signature="toVerifyLoginPage()[pri:0, instance:testPackage.VerifyLoginPage@2c35e847]" started-at="2021-10-30T19:20:10 IST" name="toVerifyLoginPage" finished-at="2021-10-30T19:20:11 IST" duration-ms="863" status="PASS">
          <reporter-output>
          </reporter-output>
        </test-method> <!-- toVerifyLoginPage -->
        <test-method is-config="true" signature="afterClass()[pri:0, instance:testPackage.VerifyLoginPage@2c35e847]" started-at="2021-10-30T19:20:11 IST" name="afterClass" finished-at="2021-10-30T19:20:12 IST" duration-ms="1099" status="PASS">
          <reporter-output>
          </reporter-output>
        </test-method> <!-- afterClass -->
        <test-method is-config="true" signature="afterMethod()[pri:0, instance:testPackage.VerifyLoginPage@2c35e847]" started-at="2021-10-30T19:20:11 IST" name="afterMethod" finished-at="2021-10-30T19:20:11 IST" duration-ms="0" status="PASS">
          <reporter-output>
          </reporter-output>
        </test-method> <!-- afterMethod -->
      </class> <!-- testPackage.VerifyLoginPage -->
    </test> <!-- FirefoxTest -->
  </suite> <!-- Suite -->
</testng-results>
